# JRE version: OpenJDK Runtime Environment (21.0.8) (build 21.0.8+-14196175-b1038.72)
# Java VM: OpenJDK 64-Bit Server VM (21.0.8+-14196175-b1038.72, mixed mode, tiered, compressed oops, compressed class ptrs, g1 gc, windows-amd64)
GC Precious Log:
 CardTable entry size: 512
 Card Set container configuration: InlinePtr #cards 4 size 8 Array Of Cards #cards 32 size 80 Howl #buckets 8 coarsen threshold 7372 Howl Bitmap #cards 1024 size 144 coarsen threshold 921 Card regions per heap region 1 cards per card region 8192
 CPUs: 16 total, 16 available
 Memory: 32680M
 Large Page Support: Disabled
 NUMA Support: Disabled
 Compressed Oops: Enabled (Zero based)
 Heap Region Size: 4M
 Heap Min Capacity: 8M
 Heap Initial Capacity: 512M
 Heap Max Capacity: 8172M
 Pre-touch: Disabled
 Parallel Workers: 13
 Concurrent Workers: 3
 Concurrent Refinement Workers: 13
 Periodic GC: Disabled
Heap:
 garbage-first heap   total 585728K, used 362084K [0x0000000601400000, 0x0000000800000000)
  region size 4096K, 6 young (24576K), 6 survivors (24576K)
 Metaspace       used 70992K, committed 71680K, reserved 1114112K
  class space    used 7729K, committed 8064K, reserved 1048576K
GC Heap History (20 events):
Event: 15.978 GC heap after
{Heap after GC invocations=33 (full 0):
 garbage-first heap   total 487424K, used 252967K [0x0000000601400000, 0x0000000800000000)
  region size 4096K, 4 young (16384K), 4 survivors (16384K)
 Metaspace       used 70328K, committed 71040K, reserved 1114112K
  class space    used 7702K, committed 8064K, reserved 1048576K
}
Event: 16.836 GC heap before
{Heap before GC invocations=33 (full 0):
 garbage-first heap   total 487424K, used 441383K [0x0000000601400000, 0x0000000800000000)
  region size 4096K, 50 young (204800K), 4 survivors (16384K)
 Metaspace       used 70483K, committed 71232K, reserved 1114112K
  class space    used 7710K, committed 8064K, reserved 1048576K
}
Event: 16.846 GC heap after
{Heap after GC invocations=34 (full 0):
 garbage-first heap   total 487424K, used 266545K [0x0000000601400000, 0x0000000800000000)
  region size 4096K, 6 young (24576K), 6 survivors (24576K)
 Metaspace       used 70483K, committed 71232K, reserved 1114112K
  class space    used 7710K, committed 8064K, reserved 1048576K
}
Event: 17.481 GC heap before
{Heap before GC invocations=34 (full 0):
 garbage-first heap   total 487424K, used 430385K [0x0000000601400000, 0x0000000800000000)
  region size 4096K, 46 young (188416K), 6 survivors (24576K)
 Metaspace       used 70570K, committed 71296K, reserved 1114112K
  class space    used 7712K, committed 8064K, reserved 1048576K
}
Event: 17.491 GC heap after
{Heap after GC invocations=35 (full 0):
 garbage-first heap   total 487424K, used 277886K [0x0000000601400000, 0x0000000800000000)
  region size 4096K, 3 young (12288K), 3 survivors (12288K)
 Metaspace       used 70570K, committed 71296K, reserved 1114112K
  class space    used 7712K, committed 8064K, reserved 1048576K
}
Event: 18.047 GC heap before
{Heap before GC invocations=35 (full 0):
 garbage-first heap   total 487424K, used 445822K [0x0000000601400000, 0x0000000800000000)
  region size 4096K, 44 young (180224K), 3 survivors (12288K)
 Metaspace       used 70645K, committed 71360K, reserved 1114112K
  class space    used 7713K, committed 8064K, reserved 1048576K
}
Event: 18.054 GC heap after
{Heap after GC invocations=36 (full 0):
 garbage-first heap   total 487424K, used 285372K [0x0000000601400000, 0x0000000800000000)
  region size 4096K, 5 young (20480K), 5 survivors (20480K)
 Metaspace       used 70645K, committed 71360K, reserved 1114112K
  class space    used 7713K, committed 8064K, reserved 1048576K
}
Event: 18.655 GC heap before
{Heap before GC invocations=37 (full 0):
 garbage-first heap   total 487424K, used 436924K [0x0000000601400000, 0x0000000800000000)
  region size 4096K, 42 young (172032K), 5 survivors (20480K)
 Metaspace       used 70719K, committed 71424K, reserved 1114112K
  class space    used 7716K, committed 8064K, reserved 1048576K
}
Event: 18.665 GC heap after
{Heap after GC invocations=38 (full 0):
 garbage-first heap   total 487424K, used 295171K [0x0000000601400000, 0x0000000800000000)
  region size 4096K, 5 young (20480K), 5 survivors (20480K)
 Metaspace       used 70719K, committed 71424K, reserved 1114112K
  class space    used 7716K, committed 8064K, reserved 1048576K
}
Event: 19.244 GC heap before
{Heap before GC invocations=38 (full 0):
 garbage-first heap   total 487424K, used 434435K [0x0000000601400000, 0x0000000800000000)
  region size 4096K, 39 young (159744K), 5 survivors (20480K)
 Metaspace       used 70811K, committed 71552K, reserved 1114112K
  class space    used 7721K, committed 8064K, reserved 1048576K
}
Event: 19.257 GC heap after
{Heap after GC invocations=39 (full 0):
 garbage-first heap   total 585728K, used 302076K [0x0000000601400000, 0x0000000800000000)
  region size 4096K, 5 young (20480K), 5 survivors (20480K)
 Metaspace       used 70811K, committed 71552K, reserved 1114112K
  class space    used 7721K, committed 8064K, reserved 1048576K
}
Event: 20.069 GC heap before
{Heap before GC invocations=39 (full 0):
 garbage-first heap   total 585728K, used 527356K [0x0000000601400000, 0x0000000800000000)
  region size 4096K, 60 young (245760K), 5 survivors (20480K)
 Metaspace       used 70852K, committed 71552K, reserved 1114112K
  class space    used 7723K, committed 8064K, reserved 1048576K
}
Event: 20.079 GC heap after
{Heap after GC invocations=40 (full 0):
 garbage-first heap   total 585728K, used 314302K [0x0000000601400000, 0x0000000800000000)
  region size 4096K, 6 young (24576K), 6 survivors (24576K)
 Metaspace       used 70852K, committed 71552K, reserved 1114112K
  class space    used 7723K, committed 8064K, reserved 1048576K
}
Event: 20.847 GC heap before
{Heap before GC invocations=40 (full 0):
 garbage-first heap   total 585728K, used 523198K [0x0000000601400000, 0x0000000800000000)
  region size 4096K, 57 young (233472K), 6 survivors (24576K)
 Metaspace       used 70902K, committed 71616K, reserved 1114112K
  class space    used 7723K, committed 8064K, reserved 1048576K
}
Event: 20.858 GC heap after
{Heap after GC invocations=41 (full 0):
 garbage-first heap   total 585728K, used 328009K [0x0000000601400000, 0x0000000800000000)
  region size 4096K, 7 young (28672K), 7 survivors (28672K)
 Metaspace       used 70902K, committed 71616K, reserved 1114112K
  class space    used 7723K, committed 8064K, reserved 1048576K
}
Event: 21.530 GC heap before
{Heap before GC invocations=41 (full 0):
 garbage-first heap   total 585728K, used 520521K [0x0000000601400000, 0x0000000800000000)
  region size 4096K, 54 young (221184K), 7 survivors (28672K)
 Metaspace       used 70940K, committed 71616K, reserved 1114112K
  class space    used 7725K, committed 8064K, reserved 1048576K
}
Event: 21.541 GC heap after
{Heap after GC invocations=42 (full 0):
 garbage-first heap   total 585728K, used 339816K [0x0000000601400000, 0x0000000800000000)
  region size 4096K, 7 young (28672K), 7 survivors (28672K)
 Metaspace       used 70940K, committed 71616K, reserved 1114112K
  class space    used 7725K, committed 8064K, reserved 1048576K
}
Event: 22.264 GC heap before
{Heap before GC invocations=43 (full 0):
 garbage-first heap   total 585728K, used 520040K [0x0000000601400000, 0x0000000800000000)
  region size 4096K, 51 young (208896K), 7 survivors (28672K)
 Metaspace       used 70979K, committed 71680K, reserved 1114112K
  class space    used 7728K, committed 8064K, reserved 1048576K
}
Event: 22.276 GC heap after
{Heap after GC invocations=44 (full 0):
 garbage-first heap   total 585728K, used 352668K [0x0000000601400000, 0x0000000800000000)
  region size 4096K, 7 young (28672K), 7 survivors (28672K)
 Metaspace       used 70979K, committed 71680K, reserved 1114112K
  class space    used 7728K, committed 8064K, reserved 1048576K
}
Event: 22.858 GC heap before
{Heap before GC invocations=44 (full 0):
 garbage-first heap   total 585728K, used 520604K [0x0000000601400000, 0x0000000800000000)
  region size 4096K, 48 young (196608K), 7 survivors (28672K)
 Metaspace       used 70992K, committed 71680K, reserved 1114112K
  class space    used 7729K, committed 8064K, reserved 1048576K
}

