# JRE version: OpenJDK Runtime Environment (21.0.8) (build 21.0.8+-14196175-b1038.72)
# Java VM: OpenJDK 64-Bit Server VM (21.0.8+-14196175-b1038.72, mixed mode, tiered, compressed oops, compressed class ptrs, g1 gc, windows-amd64)
GC Precious Log:
 CardTable entry size: 512
 Card Set container configuration: InlinePtr #cards 4 size 8 Array Of Cards #cards 32 size 80 Howl #buckets 8 coarsen threshold 7372 Howl Bitmap #cards 1024 size 144 coarsen threshold 921 Card regions per heap region 1 cards per card region 8192
 CPUs: 16 total, 16 available
 Memory: 32680M
 Large Page Support: Disabled
 NUMA Support: Disabled
 Compressed Oops: Enabled (Zero based)
 Heap Region Size: 4M
 Heap Min Capacity: 8M
 Heap Initial Capacity: 512M
 Heap Max Capacity: 8172M
 Pre-touch: Disabled
 Parallel Workers: 13
 Concurrent Workers: 3
 Concurrent Refinement Workers: 13
 Periodic GC: Disabled
Heap:
 garbage-first heap   total 884736K, used 550942K [0x0000000601400000, 0x0000000800000000)
  region size 4096K, 33 young (135168K), 7 survivors (28672K)
 Metaspace       used 79765K, committed 80512K, reserved 1179648K
  class space    used 8481K, committed 8832K, reserved 1048576K
GC Heap History (20 events):
Event: 18.020 GC heap before
{Heap before GC invocations=43 (full 0):
 garbage-first heap   total 737280K, used 631118K [0x0000000601400000, 0x0000000800000000)
  region size 4096K, 102 young (417792K), 11 survivors (45056K)
 Metaspace       used 70596K, committed 71296K, reserved 1114112K
  class space    used 7714K, committed 8064K, reserved 1048576K
}
Event: 18.038 GC heap after
{Heap after GC invocations=44 (full 0):
 garbage-first heap   total 737280K, used 283465K [0x0000000601400000, 0x0000000800000000)
  region size 4096K, 13 young (53248K), 13 survivors (53248K)
 Metaspace       used 70596K, committed 71296K, reserved 1114112K
  class space    used 7714K, committed 8064K, reserved 1048576K
}
Event: 19.415 GC heap before
{Heap before GC invocations=44 (full 0):
 garbage-first heap   total 737280K, used 643913K [0x0000000601400000, 0x0000000800000000)
  region size 4096K, 101 young (413696K), 13 survivors (53248K)
 Metaspace       used 70807K, committed 71552K, reserved 1114112K
  class space    used 7721K, committed 8064K, reserved 1048576K
}
Event: 19.438 GC heap after
{Heap after GC invocations=45 (full 0):
 garbage-first heap   total 737280K, used 303406K [0x0000000601400000, 0x0000000800000000)
  region size 4096K, 11 young (45056K), 11 survivors (45056K)
 Metaspace       used 70807K, committed 71552K, reserved 1114112K
  class space    used 7721K, committed 8064K, reserved 1048576K
}
Event: 20.724 GC heap before
{Heap before GC invocations=46 (full 0):
 garbage-first heap   total 737280K, used 651566K [0x0000000601400000, 0x0000000800000000)
  region size 4096K, 96 young (393216K), 11 survivors (45056K)
 Metaspace       used 70877K, committed 71616K, reserved 1114112K
  class space    used 7724K, committed 8064K, reserved 1048576K
}
Event: 20.743 GC heap after
{Heap after GC invocations=47 (full 0):
 garbage-first heap   total 737280K, used 326313K [0x0000000601400000, 0x0000000800000000)
  region size 4096K, 11 young (45056K), 11 survivors (45056K)
 Metaspace       used 70877K, committed 71616K, reserved 1114112K
  class space    used 7724K, committed 8064K, reserved 1048576K
}
Event: 21.911 GC heap before
{Heap before GC invocations=47 (full 0):
 garbage-first heap   total 737280K, used 653993K [0x0000000601400000, 0x0000000800000000)
  region size 4096K, 91 young (372736K), 11 survivors (45056K)
 Metaspace       used 70922K, committed 71616K, reserved 1114112K
  class space    used 7725K, committed 8064K, reserved 1048576K
}
Event: 21.934 GC heap after
{Heap after GC invocations=48 (full 0):
 garbage-first heap   total 737280K, used 345311K [0x0000000601400000, 0x0000000800000000)
  region size 4096K, 11 young (45056K), 11 survivors (45056K)
 Metaspace       used 70922K, committed 71616K, reserved 1114112K
  class space    used 7725K, committed 8064K, reserved 1048576K
}
Event: 22.974 GC heap before
{Heap before GC invocations=48 (full 0):
 garbage-first heap   total 737280K, used 652511K [0x0000000601400000, 0x0000000800000000)
  region size 4096K, 86 young (352256K), 11 survivors (45056K)
 Metaspace       used 70969K, committed 71680K, reserved 1114112K
  class space    used 7728K, committed 8064K, reserved 1048576K
}
Event: 22.994 GC heap after
{Heap after GC invocations=49 (full 0):
 garbage-first heap   total 737280K, used 364431K [0x0000000601400000, 0x0000000800000000)
  region size 4096K, 10 young (40960K), 10 survivors (40960K)
 Metaspace       used 70969K, committed 71680K, reserved 1114112K
  class space    used 7728K, committed 8064K, reserved 1048576K
}
Event: 24.091 GC heap before
{Heap before GC invocations=50 (full 0):
 garbage-first heap   total 737280K, used 655247K [0x0000000601400000, 0x0000000800000000)
  region size 4096K, 81 young (331776K), 10 survivors (40960K)
 Metaspace       used 71014K, committed 71744K, reserved 1114112K
  class space    used 7731K, committed 8064K, reserved 1048576K
}
Event: 24.111 GC heap after
{Heap after GC invocations=51 (full 0):
 garbage-first heap   total 737280K, used 387259K [0x0000000601400000, 0x0000000800000000)
  region size 4096K, 10 young (40960K), 10 survivors (40960K)
 Metaspace       used 71014K, committed 71744K, reserved 1114112K
  class space    used 7731K, committed 8064K, reserved 1048576K
}
Event: 25.006 GC heap before
{Heap before GC invocations=51 (full 0):
 garbage-first heap   total 737280K, used 657595K [0x0000000601400000, 0x0000000800000000)
  region size 4096K, 76 young (311296K), 10 survivors (40960K)
 Metaspace       used 71052K, committed 71744K, reserved 1114112K
  class space    used 7732K, committed 8064K, reserved 1048576K
}
Event: 25.025 GC heap after
{Heap after GC invocations=52 (full 0):
 garbage-first heap   total 884736K, used 400901K [0x0000000601400000, 0x0000000800000000)
  region size 4096K, 10 young (40960K), 10 survivors (40960K)
 Metaspace       used 71052K, committed 71744K, reserved 1114112K
  class space    used 7732K, committed 8064K, reserved 1048576K
}
Event: 26.404 GC heap before
{Heap before GC invocations=52 (full 0):
 garbage-first heap   total 884736K, used 790021K [0x0000000601400000, 0x0000000800000000)
  region size 4096K, 105 young (430080K), 10 survivors (40960K)
 Metaspace       used 71316K, committed 72064K, reserved 1114112K
  class space    used 7748K, committed 8128K, reserved 1048576K
}
Event: 26.427 GC heap after
{Heap after GC invocations=53 (full 0):
 garbage-first heap   total 884736K, used 428217K [0x0000000601400000, 0x0000000800000000)
  region size 4096K, 11 young (45056K), 11 survivors (45056K)
 Metaspace       used 71316K, committed 72064K, reserved 1114112K
  class space    used 7748K, committed 8128K, reserved 1048576K
}
Event: 27.445 GC heap before
{Heap before GC invocations=54 (full 0):
 garbage-first heap   total 884736K, used 788665K [0x0000000601400000, 0x0000000800000000)
  region size 4096K, 99 young (405504K), 11 survivors (45056K)
 Metaspace       used 71738K, committed 72448K, reserved 1114112K
  class space    used 7769K, committed 8128K, reserved 1048576K
}
Event: 27.460 GC heap after
{Heap after GC invocations=55 (full 0):
 garbage-first heap   total 884736K, used 437392K [0x0000000601400000, 0x0000000800000000)
  region size 4096K, 9 young (36864K), 9 survivors (36864K)
 Metaspace       used 71738K, committed 72448K, reserved 1114112K
  class space    used 7769K, committed 8128K, reserved 1048576K
}
Event: 29.161 GC heap before
{Heap before GC invocations=55 (full 0):
 garbage-first heap   total 884736K, used 797840K [0x0000000601400000, 0x0000000800000000)
  region size 4096K, 97 young (397312K), 9 survivors (36864K)
 Metaspace       used 79418K, committed 80192K, reserved 1179648K
  class space    used 8475K, committed 8832K, reserved 1048576K
}
Event: 29.181 GC heap after
{Heap after GC invocations=56 (full 0):
 garbage-first heap   total 884736K, used 448542K [0x0000000601400000, 0x0000000800000000)
  region size 4096K, 7 young (28672K), 7 survivors (28672K)
 Metaspace       used 79418K, committed 80192K, reserved 1179648K
  class space    used 8475K, committed 8832K, reserved 1048576K
}

