# JRE version: OpenJDK Runtime Environment (21.0.8) (build 21.0.8+-14196175-b1038.72)
# Java VM: OpenJDK 64-Bit Server VM (21.0.8+-14196175-b1038.72, mixed mode, tiered, compressed oops, compressed class ptrs, g1 gc, windows-amd64)
GC Precious Log:
 CardTable entry size: 512
 Card Set container configuration: InlinePtr #cards 4 size 8 Array Of Cards #cards 32 size 80 Howl #buckets 8 coarsen threshold 7372 Howl Bitmap #cards 1024 size 144 coarsen threshold 921 Card regions per heap region 1 cards per card region 8192
 CPUs: 16 total, 16 available
 Memory: 32680M
 Large Page Support: Disabled
 NUMA Support: Disabled
 Compressed Oops: Enabled (Zero based)
 Heap Region Size: 4M
 Heap Min Capacity: 8M
 Heap Initial Capacity: 512M
 Heap Max Capacity: 8172M
 Pre-touch: Disabled
 Parallel Workers: 13
 Concurrent Workers: 3
 Concurrent Refinement Workers: 13
 Periodic GC: Disabled
Heap:
 garbage-first heap   total 315392K, used 137018K [0x0000000601400000, 0x0000000800000000)
  region size 4096K, 1 young (4096K), 1 survivors (4096K)
 Metaspace       used 59071K, committed 59840K, reserved 1114112K
  class space    used 6748K, committed 7104K, reserved 1048576K
GC Heap History (20 events):
Event: 0.883 GC heap after
{Heap after GC invocations=7 (full 0):
 garbage-first heap   total 36864K, used 22272K [0x0000000601400000, 0x0000000800000000)
  region size 4096K, 1 young (4096K), 1 survivors (4096K)
 Metaspace       used 24848K, committed 25024K, reserved 1114112K
  class space    used 2943K, committed 3008K, reserved 1048576K
}
Event: 0.907 GC heap before
{Heap before GC invocations=7 (full 0):
 garbage-first heap   total 36864K, used 26368K [0x0000000601400000, 0x0000000800000000)
  region size 4096K, 2 young (8192K), 1 survivors (4096K)
 Metaspace       used 25031K, committed 25216K, reserved 1114112K
  class space    used 2958K, committed 3072K, reserved 1048576K
}
Event: 0.908 GC heap after
{Heap after GC invocations=8 (full 0):
 garbage-first heap   total 282624K, used 23995K [0x0000000601400000, 0x0000000800000000)
  region size 4096K, 1 young (4096K), 1 survivors (4096K)
 Metaspace       used 25031K, committed 25216K, reserved 1114112K
  class space    used 2958K, committed 3072K, reserved 1048576K
}
Event: 1.519 GC heap before
{Heap before GC invocations=9 (full 0):
 garbage-first heap   total 98304K, used 89531K [0x0000000601400000, 0x0000000800000000)
  region size 4096K, 18 young (73728K), 1 survivors (4096K)
 Metaspace       used 40083K, committed 40768K, reserved 1114112K
  class space    used 4883K, committed 5184K, reserved 1048576K
}
Event: 1.527 GC heap after
{Heap after GC invocations=10 (full 0):
 garbage-first heap   total 106496K, used 30692K [0x0000000601400000, 0x0000000800000000)
  region size 4096K, 2 young (8192K), 2 survivors (8192K)
 Metaspace       used 40083K, committed 40768K, reserved 1114112K
  class space    used 4883K, committed 5184K, reserved 1048576K
}
Event: 1.747 GC heap before
{Heap before GC invocations=10 (full 0):
 garbage-first heap   total 106496K, used 55268K [0x0000000601400000, 0x0000000800000000)
  region size 4096K, 9 young (36864K), 2 survivors (8192K)
 Metaspace       used 41557K, committed 42176K, reserved 1114112K
  class space    used 4996K, committed 5312K, reserved 1048576K
}
Event: 1.756 GC heap after
{Heap after GC invocations=11 (full 0):
 garbage-first heap   total 106496K, used 35555K [0x0000000601400000, 0x0000000800000000)
  region size 4096K, 2 young (8192K), 2 survivors (8192K)
 Metaspace       used 41557K, committed 42176K, reserved 1114112K
  class space    used 4996K, committed 5312K, reserved 1048576K
}
Event: 1.991 GC heap before
{Heap before GC invocations=11 (full 0):
 garbage-first heap   total 106496K, used 76515K [0x0000000601400000, 0x0000000800000000)
  region size 4096K, 12 young (49152K), 2 survivors (8192K)
 Metaspace       used 41845K, committed 42432K, reserved 1114112K
  class space    used 5013K, committed 5312K, reserved 1048576K
}
Event: 2.004 GC heap after
{Heap after GC invocations=12 (full 0):
 garbage-first heap   total 106496K, used 49079K [0x0000000601400000, 0x0000000800000000)
  region size 4096K, 2 young (8192K), 2 survivors (8192K)
 Metaspace       used 41845K, committed 42432K, reserved 1114112K
  class space    used 5013K, committed 5312K, reserved 1048576K
}
Event: 2.222 GC heap before
{Heap before GC invocations=13 (full 0):
 garbage-first heap   total 106496K, used 81847K [0x0000000601400000, 0x0000000800000000)
  region size 4096K, 10 young (40960K), 2 survivors (8192K)
 Metaspace       used 45229K, committed 45888K, reserved 1114112K
  class space    used 5440K, committed 5760K, reserved 1048576K
}
Event: 2.232 GC heap after
{Heap after GC invocations=14 (full 0):
 garbage-first heap   total 106496K, used 59184K [0x0000000601400000, 0x0000000800000000)
  region size 4096K, 2 young (8192K), 2 survivors (8192K)
 Metaspace       used 45229K, committed 45888K, reserved 1114112K
  class space    used 5440K, committed 5760K, reserved 1048576K
}
Event: 2.377 GC heap before
{Heap before GC invocations=14 (full 0):
 garbage-first heap   total 106496K, used 83760K [0x0000000601400000, 0x0000000800000000)
  region size 4096K, 8 young (32768K), 2 survivors (8192K)
 Metaspace       used 46381K, committed 47104K, reserved 1114112K
  class space    used 5551K, committed 5888K, reserved 1048576K
}
Event: 2.383 GC heap after
{Heap after GC invocations=15 (full 0):
 garbage-first heap   total 315392K, used 56249K [0x0000000601400000, 0x0000000800000000)
  region size 4096K, 1 young (4096K), 1 survivors (4096K)
 Metaspace       used 46381K, committed 47104K, reserved 1114112K
  class space    used 5551K, committed 5888K, reserved 1048576K
}
Event: 4.202 GC heap before
{Heap before GC invocations=15 (full 0):
 garbage-first heap   total 315392K, used 228281K [0x0000000601400000, 0x0000000800000000)
  region size 4096K, 44 young (180224K), 1 survivors (4096K)
 Metaspace       used 53500K, committed 54208K, reserved 1114112K
  class space    used 6153K, committed 6528K, reserved 1048576K
}
Event: 4.232 GC heap after
{Heap after GC invocations=16 (full 0):
 garbage-first heap   total 315392K, used 107159K [0x0000000601400000, 0x0000000800000000)
  region size 4096K, 6 young (24576K), 6 survivors (24576K)
 Metaspace       used 53500K, committed 54208K, reserved 1114112K
  class space    used 6153K, committed 6528K, reserved 1048576K
}
Event: 4.271 GC heap before
{Heap before GC invocations=16 (full 0):
 garbage-first heap   total 315392K, used 111255K [0x0000000601400000, 0x0000000800000000)
  region size 4096K, 7 young (28672K), 6 survivors (24576K)
 Metaspace       used 53635K, committed 54336K, reserved 1114112K
  class space    used 6157K, committed 6528K, reserved 1048576K
}
Event: 4.282 GC heap after
{Heap after GC invocations=17 (full 0):
 garbage-first heap   total 315392K, used 113282K [0x0000000601400000, 0x0000000800000000)
  region size 4096K, 1 young (4096K), 1 survivors (4096K)
 Metaspace       used 53635K, committed 54336K, reserved 1114112K
  class space    used 6157K, committed 6528K, reserved 1048576K
}
Event: 5.024 GC heap before
{Heap before GC invocations=17 (full 0):
 garbage-first heap   total 315392K, used 227970K [0x0000000601400000, 0x0000000800000000)
  region size 4096K, 29 young (118784K), 1 survivors (4096K)
 Metaspace       used 57073K, committed 57792K, reserved 1114112K
  class space    used 6553K, committed 6912K, reserved 1048576K
}
Event: 5.037 GC heap after
{Heap after GC invocations=18 (full 0):
 garbage-first heap   total 315392K, used 131747K [0x0000000601400000, 0x0000000800000000)
  region size 4096K, 4 young (16384K), 4 survivors (16384K)
 Metaspace       used 57073K, committed 57792K, reserved 1114112K
  class space    used 6553K, committed 6912K, reserved 1048576K
}
Event: 5.380 GC heap before
{Heap before GC invocations=18 (full 0):
 garbage-first heap   total 315392K, used 168611K [0x0000000601400000, 0x0000000800000000)
  region size 4096K, 14 young (57344K), 4 survivors (16384K)
 Metaspace       used 59071K, committed 59840K, reserved 1114112K
  class space    used 6748K, committed 7104K, reserved 1048576K
}

