# JRE version: OpenJDK Runtime Environment (21.0.8) (build 21.0.8+-14196175-b1038.72)
# Java VM: OpenJDK 64-Bit Server VM (21.0.8+-14196175-b1038.72, mixed mode, tiered, compressed oops, compressed class ptrs, g1 gc, windows-amd64)
GC Precious Log:
 CardTable entry size: 512
 Card Set container configuration: InlinePtr #cards 4 size 8 Array Of Cards #cards 32 size 80 Howl #buckets 8 coarsen threshold 7372 Howl Bitmap #cards 1024 size 144 coarsen threshold 921 Card regions per heap region 1 cards per card region 8192
 CPUs: 16 total, 16 available
 Memory: 32680M
 Large Page Support: Disabled
 NUMA Support: Disabled
 Compressed Oops: Enabled (Zero based)
 Heap Region Size: 4M
 Heap Min Capacity: 8M
 Heap Initial Capacity: 512M
 Heap Max Capacity: 8172M
 Pre-touch: Disabled
 Parallel Workers: 13
 Concurrent Workers: 3
 Concurrent Refinement Workers: 13
 Periodic GC: Disabled
Heap:
 garbage-first heap   total 606208K, used 389119K [0x0000000601400000, 0x0000000800000000)
  region size 4096K, 3 young (12288K), 3 survivors (12288K)
 Metaspace       used 71032K, committed 71680K, reserved 1114112K
  class space    used 7733K, committed 8064K, reserved 1048576K
GC Heap History (20 events):
Event: 17.214 GC heap after
{Heap after GC invocations=34 (full 0):
 garbage-first heap   total 503808K, used 270778K [0x0000000601400000, 0x0000000800000000)
  region size 4096K, 6 young (24576K), 6 survivors (24576K)
 Metaspace       used 70544K, committed 71232K, reserved 1114112K
  class space    used 7713K, committed 8064K, reserved 1048576K
}
Event: 17.788 GC heap before
{Heap before GC invocations=34 (full 0):
 garbage-first heap   total 503808K, used 446906K [0x0000000601400000, 0x0000000800000000)
  region size 4096K, 49 young (200704K), 6 survivors (24576K)
 Metaspace       used 70584K, committed 71296K, reserved 1114112K
  class space    used 7714K, committed 8064K, reserved 1048576K
}
Event: 17.798 GC heap after
{Heap after GC invocations=35 (full 0):
 garbage-first heap   total 503808K, used 280974K [0x0000000601400000, 0x0000000800000000)
  region size 4096K, 6 young (24576K), 6 survivors (24576K)
 Metaspace       used 70584K, committed 71296K, reserved 1114112K
  class space    used 7714K, committed 8064K, reserved 1048576K
}
Event: 18.362 GC heap before
{Heap before GC invocations=35 (full 0):
 garbage-first heap   total 503808K, used 448910K [0x0000000601400000, 0x0000000800000000)
  region size 4096K, 47 young (192512K), 6 survivors (24576K)
 Metaspace       used 70658K, committed 71360K, reserved 1114112K
  class space    used 7717K, committed 8064K, reserved 1048576K
}
Event: 18.373 GC heap after
{Heap after GC invocations=36 (full 0):
 garbage-first heap   total 503808K, used 292076K [0x0000000601400000, 0x0000000800000000)
  region size 4096K, 6 young (24576K), 6 survivors (24576K)
 Metaspace       used 70658K, committed 71360K, reserved 1114112K
  class space    used 7717K, committed 8064K, reserved 1048576K
}
Event: 19.008 GC heap before
{Heap before GC invocations=37 (full 0):
 garbage-first heap   total 503808K, used 443628K [0x0000000601400000, 0x0000000800000000)
  region size 4096K, 43 young (176128K), 6 survivors (24576K)
 Metaspace       used 70737K, committed 71424K, reserved 1114112K
  class space    used 7718K, committed 8064K, reserved 1048576K
}
Event: 19.018 GC heap after
{Heap after GC invocations=38 (full 0):
 garbage-first heap   total 503808K, used 302224K [0x0000000601400000, 0x0000000800000000)
  region size 4096K, 6 young (24576K), 6 survivors (24576K)
 Metaspace       used 70737K, committed 71424K, reserved 1114112K
  class space    used 7718K, committed 8064K, reserved 1048576K
}
Event: 19.519 GC heap before
{Heap before GC invocations=38 (full 0):
 garbage-first heap   total 503808K, used 445584K [0x0000000601400000, 0x0000000800000000)
  region size 4096K, 41 young (167936K), 6 survivors (24576K)
 Metaspace       used 70831K, committed 71552K, reserved 1114112K
  class space    used 7725K, committed 8064K, reserved 1048576K
}
Event: 19.530 GC heap after
{Heap after GC invocations=39 (full 0):
 garbage-first heap   total 606208K, used 308557K [0x0000000601400000, 0x0000000800000000)
  region size 4096K, 5 young (20480K), 5 survivors (20480K)
 Metaspace       used 70831K, committed 71552K, reserved 1114112K
  class space    used 7725K, committed 8064K, reserved 1048576K
}
Event: 20.436 GC heap before
{Heap before GC invocations=39 (full 0):
 garbage-first heap   total 606208K, used 550221K [0x0000000601400000, 0x0000000800000000)
  region size 4096K, 64 young (262144K), 5 survivors (20480K)
 Metaspace       used 70849K, committed 71552K, reserved 1114112K
  class space    used 7725K, committed 8064K, reserved 1048576K
}
Event: 20.446 GC heap after
{Heap after GC invocations=40 (full 0):
 garbage-first heap   total 606208K, used 323195K [0x0000000601400000, 0x0000000800000000)
  region size 4096K, 8 young (32768K), 8 survivors (32768K)
 Metaspace       used 70849K, committed 71552K, reserved 1114112K
  class space    used 7725K, committed 8064K, reserved 1048576K
}
Event: 21.208 GC heap before
{Heap before GC invocations=40 (full 0):
 garbage-first heap   total 606208K, used 540283K [0x0000000601400000, 0x0000000800000000)
  region size 4096K, 61 young (249856K), 8 survivors (32768K)
 Metaspace       used 70904K, committed 71616K, reserved 1114112K
  class space    used 7725K, committed 8064K, reserved 1048576K
}
Event: 21.221 GC heap after
{Heap after GC invocations=41 (full 0):
 garbage-first heap   total 606208K, used 334595K [0x0000000601400000, 0x0000000800000000)
  region size 4096K, 7 young (28672K), 7 survivors (28672K)
 Metaspace       used 70904K, committed 71616K, reserved 1114112K
  class space    used 7725K, committed 8064K, reserved 1048576K
}
Event: 22.026 GC heap before
{Heap before GC invocations=41 (full 0):
 garbage-first heap   total 606208K, used 543491K [0x0000000601400000, 0x0000000800000000)
  region size 4096K, 58 young (237568K), 7 survivors (28672K)
 Metaspace       used 70947K, committed 71616K, reserved 1114112K
  class space    used 7726K, committed 8064K, reserved 1048576K
}
Event: 22.039 GC heap after
{Heap after GC invocations=42 (full 0):
 garbage-first heap   total 606208K, used 351083K [0x0000000601400000, 0x0000000800000000)
  region size 4096K, 8 young (32768K), 8 survivors (32768K)
 Metaspace       used 70947K, committed 71616K, reserved 1114112K
  class space    used 7726K, committed 8064K, reserved 1048576K
}
Event: 22.714 GC heap before
{Heap before GC invocations=43 (full 0):
 garbage-first heap   total 606208K, used 535403K [0x0000000601400000, 0x0000000800000000)
  region size 4096K, 53 young (217088K), 8 survivors (32768K)
 Metaspace       used 70964K, committed 71680K, reserved 1114112K
  class space    used 7728K, committed 8064K, reserved 1048576K
}
Event: 22.725 GC heap after
{Heap after GC invocations=44 (full 0):
 garbage-first heap   total 606208K, used 363287K [0x0000000601400000, 0x0000000800000000)
  region size 4096K, 3 young (12288K), 3 survivors (12288K)
 Metaspace       used 70964K, committed 71680K, reserved 1114112K
  class space    used 7728K, committed 8064K, reserved 1048576K
}
Event: 23.424 GC heap before
{Heap before GC invocations=44 (full 0):
 garbage-first heap   total 606208K, used 559895K [0x0000000601400000, 0x0000000800000000)
  region size 4096K, 51 young (208896K), 3 survivors (12288K)
 Metaspace       used 71005K, committed 71680K, reserved 1114112K
  class space    used 7730K, committed 8064K, reserved 1048576K
}
Event: 23.435 GC heap after
{Heap after GC invocations=45 (full 0):
 garbage-first heap   total 606208K, used 378365K [0x0000000601400000, 0x0000000800000000)
  region size 4096K, 7 young (28672K), 7 survivors (28672K)
 Metaspace       used 71005K, committed 71680K, reserved 1114112K
  class space    used 7730K, committed 8064K, reserved 1048576K
}
Event: 24.041 GC heap before
{Heap before GC invocations=45 (full 0):
 garbage-first heap   total 606208K, used 542205K [0x0000000601400000, 0x0000000800000000)
  region size 4096K, 47 young (192512K), 7 survivors (28672K)
 Metaspace       used 71032K, committed 71680K, reserved 1114112K
  class space    used 7733K, committed 8064K, reserved 1048576K
}

