# JRE version: OpenJDK Runtime Environment (21.0.8) (build 21.0.8+-14196175-b1038.72)
# Java VM: OpenJDK 64-Bit Server VM (21.0.8+-14196175-b1038.72, mixed mode, tiered, compressed oops, compressed class ptrs, g1 gc, windows-amd64)
GC Precious Log:
 CardTable entry size: 512
 Card Set container configuration: InlinePtr #cards 4 size 8 Array Of Cards #cards 32 size 80 Howl #buckets 8 coarsen threshold 7372 Howl Bitmap #cards 1024 size 144 coarsen threshold 921 Card regions per heap region 1 cards per card region 8192
 CPUs: 16 total, 16 available
 Memory: 32680M
 Large Page Support: Disabled
 NUMA Support: Disabled
 Compressed Oops: Enabled (Zero based)
 Heap Region Size: 4M
 Heap Min Capacity: 8M
 Heap Initial Capacity: 512M
 Heap Max Capacity: 8172M
 Pre-touch: Disabled
 Parallel Workers: 13
 Concurrent Workers: 3
 Concurrent Refinement Workers: 13
 Periodic GC: Disabled
Heap:
 garbage-first heap   total 421888K, used 337299K [0x0000000601400000, 0x0000000800000000)
  region size 4096K, 43 young (176128K), 5 survivors (20480K)
 Metaspace       used 68543K, committed 69248K, reserved 1114112K
  class space    used 7606K, committed 7936K, reserved 1048576K
GC Heap History (20 events):
Event: 1.989 GC heap before
{Heap before GC invocations=11 (full 0):
 garbage-first heap   total 106496K, used 58333K [0x0000000601400000, 0x0000000800000000)
  region size 4096K, 7 young (28672K), 2 survivors (8192K)
 Metaspace       used 42050K, committed 42688K, reserved 1114112K
  class space    used 5038K, committed 5312K, reserved 1048576K
}
Event: 2.000 GC heap after
{Heap after GC invocations=12 (full 0):
 garbage-first heap   total 106496K, used 50021K [0x0000000601400000, 0x0000000800000000)
  region size 4096K, 2 young (8192K), 2 survivors (8192K)
 Metaspace       used 42050K, committed 42688K, reserved 1114112K
  class space    used 5038K, committed 5312K, reserved 1048576K
}
Event: 2.197 GC heap before
{Heap before GC invocations=13 (full 0):
 garbage-first heap   total 106496K, used 78693K [0x0000000601400000, 0x0000000800000000)
  region size 4096K, 9 young (36864K), 2 survivors (8192K)
 Metaspace       used 45221K, committed 45888K, reserved 1114112K
  class space    used 5437K, committed 5760K, reserved 1048576K
}
Event: 2.208 GC heap after
{Heap after GC invocations=14 (full 0):
 garbage-first heap   total 106496K, used 56735K [0x0000000601400000, 0x0000000800000000)
  region size 4096K, 2 young (8192K), 2 survivors (8192K)
 Metaspace       used 45221K, committed 45888K, reserved 1114112K
  class space    used 5437K, committed 5760K, reserved 1048576K
}
Event: 2.277 GC heap before
{Heap before GC invocations=14 (full 0):
 garbage-first heap   total 106496K, used 81311K [0x0000000601400000, 0x0000000800000000)
  region size 4096K, 8 young (32768K), 2 survivors (8192K)
 Metaspace       used 45324K, committed 46016K, reserved 1114112K
  class space    used 5437K, committed 5760K, reserved 1048576K
}
Event: 2.283 GC heap after
{Heap after GC invocations=15 (full 0):
 garbage-first heap   total 315392K, used 54082K [0x0000000601400000, 0x0000000800000000)
  region size 4096K, 1 young (4096K), 1 survivors (4096K)
 Metaspace       used 45324K, committed 46016K, reserved 1114112K
  class space    used 5437K, committed 5760K, reserved 1048576K
}
Event: 4.117 GC heap before
{Heap before GC invocations=15 (full 0):
 garbage-first heap   total 315392K, used 226114K [0x0000000601400000, 0x0000000800000000)
  region size 4096K, 44 young (180224K), 1 survivors (4096K)
 Metaspace       used 53220K, committed 53952K, reserved 1114112K
  class space    used 6142K, committed 6528K, reserved 1048576K
}
Event: 4.147 GC heap after
{Heap after GC invocations=16 (full 0):
 garbage-first heap   total 315392K, used 105495K [0x0000000601400000, 0x0000000800000000)
  region size 4096K, 6 young (24576K), 6 survivors (24576K)
 Metaspace       used 53220K, committed 53952K, reserved 1114112K
  class space    used 6142K, committed 6528K, reserved 1048576K
}
Event: 4.907 GC heap before
{Heap before GC invocations=16 (full 0):
 garbage-first heap   total 315392K, used 220183K [0x0000000601400000, 0x0000000800000000)
  region size 4096K, 34 young (139264K), 6 survivors (24576K)
 Metaspace       used 56939K, committed 57664K, reserved 1114112K
  class space    used 6540K, committed 6912K, reserved 1048576K
}
Event: 4.931 GC heap after
{Heap after GC invocations=17 (full 0):
 garbage-first heap   total 315392K, used 129205K [0x0000000601400000, 0x0000000800000000)
  region size 4096K, 5 young (20480K), 5 survivors (20480K)
 Metaspace       used 56939K, committed 57664K, reserved 1114112K
  class space    used 6540K, committed 6912K, reserved 1048576K
}
Event: 5.311 GC heap before
{Heap before GC invocations=17 (full 0):
 garbage-first heap   total 315392K, used 178357K [0x0000000601400000, 0x0000000800000000)
  region size 4096K, 18 young (73728K), 5 survivors (20480K)
 Metaspace       used 59068K, committed 59776K, reserved 1114112K
  class space    used 6743K, committed 7104K, reserved 1048576K
}
Event: 5.321 GC heap after
{Heap after GC invocations=18 (full 0):
 garbage-first heap   total 315392K, used 134900K [0x0000000601400000, 0x0000000800000000)
  region size 4096K, 1 young (4096K), 1 survivors (4096K)
 Metaspace       used 59068K, committed 59776K, reserved 1114112K
  class space    used 6743K, committed 7104K, reserved 1048576K
}
Event: 7.009 GC heap before
{Heap before GC invocations=19 (full 0):
 garbage-first heap   total 315392K, used 249588K [0x0000000601400000, 0x0000000800000000)
  region size 4096K, 29 young (118784K), 1 survivors (4096K)
 Metaspace       used 66611K, committed 67328K, reserved 1114112K
  class space    used 7512K, committed 7872K, reserved 1048576K
}
Event: 7.016 GC heap after
{Heap after GC invocations=20 (full 0):
 garbage-first heap   total 315392K, used 146025K [0x0000000601400000, 0x0000000800000000)
  region size 4096K, 4 young (16384K), 4 survivors (16384K)
 Metaspace       used 66611K, committed 67328K, reserved 1114112K
  class space    used 7512K, committed 7872K, reserved 1048576K
}
Event: 7.976 GC heap before
{Heap before GC invocations=20 (full 0):
 garbage-first heap   total 315392K, used 256617K [0x0000000601400000, 0x0000000800000000)
  region size 4096K, 32 young (131072K), 4 survivors (16384K)
 Metaspace       used 67413K, committed 68160K, reserved 1114112K
  class space    used 7555K, committed 7936K, reserved 1048576K
}
Event: 7.989 GC heap after
{Heap after GC invocations=21 (full 0):
 garbage-first heap   total 315392K, used 154192K [0x0000000601400000, 0x0000000800000000)
  region size 4096K, 3 young (12288K), 3 survivors (12288K)
 Metaspace       used 67413K, committed 68160K, reserved 1114112K
  class space    used 7555K, committed 7936K, reserved 1048576K
}
Event: 8.477 GC heap before
{Heap before GC invocations=21 (full 0):
 garbage-first heap   total 315392K, used 195152K [0x0000000601400000, 0x0000000800000000)
  region size 4096K, 14 young (57344K), 3 survivors (12288K)
 Metaspace       used 67571K, committed 68288K, reserved 1114112K
  class space    used 7556K, committed 7936K, reserved 1048576K
}
Event: 8.484 GC heap after
{Heap after GC invocations=22 (full 0):
 garbage-first heap   total 421888K, used 157899K [0x0000000601400000, 0x0000000800000000)
  region size 4096K, 1 young (4096K), 1 survivors (4096K)
 Metaspace       used 67571K, committed 68288K, reserved 1114112K
  class space    used 7556K, committed 7936K, reserved 1048576K
}
Event: 9.926 GC heap before
{Heap before GC invocations=23 (full 0):
 garbage-first heap   total 421888K, used 358603K [0x0000000601400000, 0x0000000800000000)
  region size 4096K, 47 young (192512K), 1 survivors (4096K)
 Metaspace       used 68049K, committed 68736K, reserved 1114112K
  class space    used 7567K, committed 7936K, reserved 1048576K
}
Event: 9.939 GC heap after
{Heap after GC invocations=24 (full 0):
 garbage-first heap   total 421888K, used 185747K [0x0000000601400000, 0x0000000800000000)
  region size 4096K, 5 young (20480K), 5 survivors (20480K)
 Metaspace       used 68049K, committed 68736K, reserved 1114112K
  class space    used 7567K, committed 7936K, reserved 1048576K
}

