# JRE version: OpenJDK Runtime Environment (21.0.8) (build 21.0.8+-14196175-b1038.72)
# Java VM: OpenJDK 64-Bit Server VM (21.0.8+-14196175-b1038.72, mixed mode, tiered, compressed oops, compressed class ptrs, g1 gc, windows-amd64)
GC Precious Log:
 CardTable entry size: 512
 Card Set container configuration: InlinePtr #cards 4 size 8 Array Of Cards #cards 32 size 80 Howl #buckets 8 coarsen threshold 7372 Howl Bitmap #cards 1024 size 144 coarsen threshold 921 Card regions per heap region 1 cards per card region 8192
 CPUs: 16 total, 16 available
 Memory: 32680M
 Large Page Support: Disabled
 NUMA Support: Disabled
 Compressed Oops: Enabled (Zero based)
 Heap Region Size: 4M
 Heap Min Capacity: 8M
 Heap Initial Capacity: 512M
 Heap Max Capacity: 8172M
 Pre-touch: Disabled
 Parallel Workers: 13
 Concurrent Workers: 3
 Concurrent Refinement Workers: 13
 Periodic GC: Disabled
Heap:
 garbage-first heap   total 585728K, used 362767K [0x0000000601400000, 0x0000000800000000)
  region size 4096K, 6 young (24576K), 6 survivors (24576K)
 Metaspace       used 70966K, committed 71680K, reserved 1114112K
  class space    used 7728K, committed 8064K, reserved 1048576K
GC Heap History (20 events):
Event: 16.308 GC heap after
{Heap after GC invocations=33 (full 0):
 garbage-first heap   total 487424K, used 255016K [0x0000000601400000, 0x0000000800000000)
  region size 4096K, 4 young (16384K), 4 survivors (16384K)
 Metaspace       used 70370K, committed 71104K, reserved 1114112K
  class space    used 7707K, committed 8064K, reserved 1048576K
}
Event: 17.125 GC heap before
{Heap before GC invocations=33 (full 0):
 garbage-first heap   total 487424K, used 439336K [0x0000000601400000, 0x0000000800000000)
  region size 4096K, 49 young (200704K), 4 survivors (16384K)
 Metaspace       used 70516K, committed 71232K, reserved 1114112K
  class space    used 7711K, committed 8064K, reserved 1048576K
}
Event: 17.135 GC heap after
{Heap after GC invocations=34 (full 0):
 garbage-first heap   total 487424K, used 267759K [0x0000000601400000, 0x0000000800000000)
  region size 4096K, 5 young (20480K), 5 survivors (20480K)
 Metaspace       used 70516K, committed 71232K, reserved 1114112K
  class space    used 7711K, committed 8064K, reserved 1048576K
}
Event: 17.684 GC heap before
{Heap before GC invocations=34 (full 0):
 garbage-first heap   total 487424K, used 435695K [0x0000000601400000, 0x0000000800000000)
  region size 4096K, 46 young (188416K), 5 survivors (20480K)
 Metaspace       used 70556K, committed 71296K, reserved 1114112K
  class space    used 7713K, committed 8064K, reserved 1048576K
}
Event: 17.694 GC heap after
{Heap after GC invocations=35 (full 0):
 garbage-first heap   total 487424K, used 278557K [0x0000000601400000, 0x0000000800000000)
  region size 4096K, 6 young (24576K), 6 survivors (24576K)
 Metaspace       used 70556K, committed 71296K, reserved 1114112K
  class space    used 7713K, committed 8064K, reserved 1048576K
}
Event: 18.244 GC heap before
{Heap before GC invocations=35 (full 0):
 garbage-first heap   total 487424K, used 430109K [0x0000000601400000, 0x0000000800000000)
  region size 4096K, 43 young (176128K), 6 survivors (24576K)
 Metaspace       used 70627K, committed 71360K, reserved 1114112K
  class space    used 7714K, committed 8064K, reserved 1048576K
}
Event: 18.253 GC heap after
{Heap after GC invocations=36 (full 0):
 garbage-first heap   total 487424K, used 287393K [0x0000000601400000, 0x0000000800000000)
  region size 4096K, 5 young (20480K), 5 survivors (20480K)
 Metaspace       used 70627K, committed 71360K, reserved 1114112K
  class space    used 7714K, committed 8064K, reserved 1048576K
}
Event: 18.840 GC heap before
{Heap before GC invocations=37 (full 0):
 garbage-first heap   total 487424K, used 434849K [0x0000000601400000, 0x0000000800000000)
  region size 4096K, 41 young (167936K), 5 survivors (20480K)
 Metaspace       used 70709K, committed 71424K, reserved 1114112K
  class space    used 7717K, committed 8064K, reserved 1048576K
}
Event: 18.849 GC heap after
{Heap after GC invocations=38 (full 0):
 garbage-first heap   total 487424K, used 296745K [0x0000000601400000, 0x0000000800000000)
  region size 4096K, 5 young (20480K), 5 survivors (20480K)
 Metaspace       used 70709K, committed 71424K, reserved 1114112K
  class space    used 7717K, committed 8064K, reserved 1048576K
}
Event: 19.400 GC heap before
{Heap before GC invocations=38 (full 0):
 garbage-first heap   total 487424K, used 436009K [0x0000000601400000, 0x0000000800000000)
  region size 4096K, 39 young (159744K), 5 survivors (20480K)
 Metaspace       used 70805K, committed 71488K, reserved 1114112K
  class space    used 7722K, committed 8064K, reserved 1048576K
}
Event: 19.411 GC heap after
{Heap after GC invocations=39 (full 0):
 garbage-first heap   total 585728K, used 304159K [0x0000000601400000, 0x0000000800000000)
  region size 4096K, 5 young (20480K), 5 survivors (20480K)
 Metaspace       used 70805K, committed 71488K, reserved 1114112K
  class space    used 7722K, committed 8064K, reserved 1048576K
}
Event: 20.273 GC heap before
{Heap before GC invocations=39 (full 0):
 garbage-first heap   total 585728K, used 529439K [0x0000000601400000, 0x0000000800000000)
  region size 4096K, 60 young (245760K), 5 survivors (20480K)
 Metaspace       used 70842K, committed 71552K, reserved 1114112K
  class space    used 7724K, committed 8064K, reserved 1048576K
}
Event: 20.284 GC heap after
{Heap after GC invocations=40 (full 0):
 garbage-first heap   total 585728K, used 316269K [0x0000000601400000, 0x0000000800000000)
  region size 4096K, 6 young (24576K), 6 survivors (24576K)
 Metaspace       used 70842K, committed 71552K, reserved 1114112K
  class space    used 7724K, committed 8064K, reserved 1048576K
}
Event: 21.021 GC heap before
{Heap before GC invocations=40 (full 0):
 garbage-first heap   total 585728K, used 525165K [0x0000000601400000, 0x0000000800000000)
  region size 4096K, 57 young (233472K), 6 survivors (24576K)
 Metaspace       used 70889K, committed 71616K, reserved 1114112K
  class space    used 7724K, committed 8064K, reserved 1048576K
}
Event: 21.031 GC heap after
{Heap after GC invocations=41 (full 0):
 garbage-first heap   total 585728K, used 330447K [0x0000000601400000, 0x0000000800000000)
  region size 4096K, 7 young (28672K), 7 survivors (28672K)
 Metaspace       used 70889K, committed 71616K, reserved 1114112K
  class space    used 7724K, committed 8064K, reserved 1048576K
}
Event: 21.668 GC heap before
{Heap before GC invocations=41 (full 0):
 garbage-first heap   total 585728K, used 518863K [0x0000000601400000, 0x0000000800000000)
  region size 4096K, 53 young (217088K), 7 survivors (28672K)
 Metaspace       used 70914K, committed 71616K, reserved 1114112K
  class space    used 7724K, committed 8064K, reserved 1048576K
}
Event: 21.679 GC heap after
{Heap after GC invocations=42 (full 0):
 garbage-first heap   total 585728K, used 342378K [0x0000000601400000, 0x0000000800000000)
  region size 4096K, 7 young (28672K), 7 survivors (28672K)
 Metaspace       used 70914K, committed 71616K, reserved 1114112K
  class space    used 7724K, committed 8064K, reserved 1048576K
}
Event: 22.398 GC heap before
{Heap before GC invocations=43 (full 0):
 garbage-first heap   total 585728K, used 518506K [0x0000000601400000, 0x0000000800000000)
  region size 4096K, 50 young (204800K), 7 survivors (28672K)
 Metaspace       used 70953K, committed 71680K, reserved 1114112K
  class space    used 7728K, committed 8064K, reserved 1048576K
}
Event: 22.409 GC heap after
{Heap after GC invocations=44 (full 0):
 garbage-first heap   total 585728K, used 354862K [0x0000000601400000, 0x0000000800000000)
  region size 4096K, 7 young (28672K), 7 survivors (28672K)
 Metaspace       used 70953K, committed 71680K, reserved 1114112K
  class space    used 7728K, committed 8064K, reserved 1048576K
}
Event: 22.969 GC heap before
{Heap before GC invocations=44 (full 0):
 garbage-first heap   total 585728K, used 518702K [0x0000000601400000, 0x0000000800000000)
  region size 4096K, 47 young (192512K), 7 survivors (28672K)
 Metaspace       used 70966K, committed 71680K, reserved 1114112K
  class space    used 7728K, committed 8064K, reserved 1048576K
}

