# JRE version: OpenJDK Runtime Environment (21.0.8) (build 21.0.8+-14196175-b1038.72)
# Java VM: OpenJDK 64-Bit Server VM (21.0.8+-14196175-b1038.72, mixed mode, tiered, compressed oops, compressed class ptrs, g1 gc, windows-amd64)
GC Precious Log:
 CardTable entry size: 512
 Card Set container configuration: InlinePtr #cards 4 size 8 Array Of Cards #cards 32 size 80 Howl #buckets 8 coarsen threshold 7372 Howl Bitmap #cards 1024 size 144 coarsen threshold 921 Card regions per heap region 1 cards per card region 8192
 CPUs: 16 total, 16 available
 Memory: 32680M
 Large Page Support: Disabled
 NUMA Support: Disabled
 Compressed Oops: Enabled (Zero based)
 Heap Region Size: 4M
 Heap Min Capacity: 8M
 Heap Initial Capacity: 512M
 Heap Max Capacity: 8172M
 Pre-touch: Disabled
 Parallel Workers: 13
 Concurrent Workers: 3
 Concurrent Refinement Workers: 13
 Periodic GC: Disabled
Heap:
 garbage-first heap   total 630784K, used 388981K [0x0000000601400000, 0x0000000800000000)
  region size 4096K, 7 young (28672K), 7 survivors (28672K)
 Metaspace       used 71009K, committed 71744K, reserved 1114112K
  class space    used 7726K, committed 8064K, reserved 1048576K
GC Heap History (20 events):
Event: 17.402 GC heap after
{Heap after GC invocations=34 (full 0):
 garbage-first heap   total 524288K, used 272549K [0x0000000601400000, 0x0000000800000000)
  region size 4096K, 5 young (20480K), 5 survivors (20480K)
 Metaspace       used 70535K, committed 71296K, reserved 1114112K
  class space    used 7707K, committed 8064K, reserved 1048576K
}
Event: 18.145 GC heap before
{Heap before GC invocations=34 (full 0):
 garbage-first heap   total 524288K, used 469157K [0x0000000601400000, 0x0000000800000000)
  region size 4096K, 53 young (217088K), 5 survivors (20480K)
 Metaspace       used 70614K, committed 71360K, reserved 1114112K
  class space    used 7709K, committed 8064K, reserved 1048576K
}
Event: 18.154 GC heap after
{Heap after GC invocations=35 (full 0):
 garbage-first heap   total 524288K, used 283182K [0x0000000601400000, 0x0000000800000000)
  region size 4096K, 5 young (20480K), 5 survivors (20480K)
 Metaspace       used 70614K, committed 71360K, reserved 1114112K
  class space    used 7709K, committed 8064K, reserved 1048576K
}
Event: 18.860 GC heap before
{Heap before GC invocations=35 (full 0):
 garbage-first heap   total 524288K, used 471598K [0x0000000601400000, 0x0000000800000000)
  region size 4096K, 51 young (208896K), 5 survivors (20480K)
 Metaspace       used 70707K, committed 71424K, reserved 1114112K
  class space    used 7712K, committed 8064K, reserved 1048576K
}
Event: 18.870 GC heap after
{Heap after GC invocations=36 (full 0):
 garbage-first heap   total 524288K, used 295270K [0x0000000601400000, 0x0000000800000000)
  region size 4096K, 6 young (24576K), 6 survivors (24576K)
 Metaspace       used 70707K, committed 71424K, reserved 1114112K
  class space    used 7712K, committed 8064K, reserved 1048576K
}
Event: 19.525 GC heap before
{Heap before GC invocations=36 (full 0):
 garbage-first heap   total 524288K, used 467302K [0x0000000601400000, 0x0000000800000000)
  region size 4096K, 48 young (196608K), 6 survivors (24576K)
 Metaspace       used 70813K, committed 71552K, reserved 1114112K
  class space    used 7719K, committed 8064K, reserved 1048576K
}
Event: 19.537 GC heap after
{Heap after GC invocations=37 (full 0):
 garbage-first heap   total 524288K, used 305684K [0x0000000601400000, 0x0000000800000000)
  region size 4096K, 6 young (24576K), 6 survivors (24576K)
 Metaspace       used 70813K, committed 71552K, reserved 1114112K
  class space    used 7719K, committed 8064K, reserved 1048576K
}
Event: 20.160 GC heap before
{Heap before GC invocations=38 (full 0):
 garbage-first heap   total 524288K, used 465428K [0x0000000601400000, 0x0000000800000000)
  region size 4096K, 45 young (184320K), 6 survivors (24576K)
 Metaspace       used 70826K, committed 71552K, reserved 1114112K
  class space    used 7719K, committed 8064K, reserved 1048576K
}
Event: 20.170 GC heap after
{Heap after GC invocations=39 (full 0):
 garbage-first heap   total 524288K, used 314713K [0x0000000601400000, 0x0000000800000000)
  region size 4096K, 5 young (20480K), 5 survivors (20480K)
 Metaspace       used 70826K, committed 71552K, reserved 1114112K
  class space    used 7719K, committed 8064K, reserved 1048576K
}
Event: 20.737 GC heap before
{Heap before GC invocations=39 (full 0):
 garbage-first heap   total 524288K, used 474457K [0x0000000601400000, 0x0000000800000000)
  region size 4096K, 44 young (180224K), 5 survivors (20480K)
 Metaspace       used 70861K, committed 71552K, reserved 1114112K
  class space    used 7719K, committed 8064K, reserved 1048576K
}
Event: 20.749 GC heap after
{Heap after GC invocations=40 (full 0):
 garbage-first heap   total 630784K, used 321359K [0x0000000601400000, 0x0000000800000000)
  region size 4096K, 5 young (20480K), 5 survivors (20480K)
 Metaspace       used 70861K, committed 71552K, reserved 1114112K
  class space    used 7719K, committed 8064K, reserved 1048576K
}
Event: 21.673 GC heap before
{Heap before GC invocations=40 (full 0):
 garbage-first heap   total 630784K, used 571215K [0x0000000601400000, 0x0000000800000000)
  region size 4096K, 66 young (270336K), 5 survivors (20480K)
 Metaspace       used 70900K, committed 71616K, reserved 1114112K
  class space    used 7719K, committed 8064K, reserved 1048576K
}
Event: 21.685 GC heap after
{Heap after GC invocations=41 (full 0):
 garbage-first heap   total 630784K, used 337403K [0x0000000601400000, 0x0000000800000000)
  region size 4096K, 9 young (36864K), 9 survivors (36864K)
 Metaspace       used 70900K, committed 71616K, reserved 1114112K
  class space    used 7719K, committed 8064K, reserved 1048576K
}
Event: 22.451 GC heap before
{Heap before GC invocations=41 (full 0):
 garbage-first heap   total 630784K, used 554491K [0x0000000601400000, 0x0000000800000000)
  region size 4096K, 62 young (253952K), 9 survivors (36864K)
 Metaspace       used 70943K, committed 71680K, reserved 1114112K
  class space    used 7723K, committed 8064K, reserved 1048576K
}
Event: 22.465 GC heap after
{Heap after GC invocations=42 (full 0):
 garbage-first heap   total 630784K, used 352324K [0x0000000601400000, 0x0000000800000000)
  region size 4096K, 8 young (32768K), 8 survivors (32768K)
 Metaspace       used 70943K, committed 71680K, reserved 1114112K
  class space    used 7723K, committed 8064K, reserved 1048576K
}
Event: 23.131 GC heap before
{Heap before GC invocations=42 (full 0):
 garbage-first heap   total 630784K, used 557124K [0x0000000601400000, 0x0000000800000000)
  region size 4096K, 58 young (237568K), 8 survivors (32768K)
 Metaspace       used 70960K, committed 71680K, reserved 1114112K
  class space    used 7723K, committed 8064K, reserved 1048576K
}
Event: 23.144 GC heap after
{Heap after GC invocations=43 (full 0):
 garbage-first heap   total 630784K, used 365193K [0x0000000601400000, 0x0000000800000000)
  region size 4096K, 8 young (32768K), 8 survivors (32768K)
 Metaspace       used 70960K, committed 71680K, reserved 1114112K
  class space    used 7723K, committed 8064K, reserved 1048576K
}
Event: 23.885 GC heap before
{Heap before GC invocations=44 (full 0):
 garbage-first heap   total 630784K, used 553609K [0x0000000601400000, 0x0000000800000000)
  region size 4096K, 54 young (221184K), 8 survivors (32768K)
 Metaspace       used 70986K, committed 71680K, reserved 1114112K
  class space    used 7726K, committed 8064K, reserved 1048576K
}
Event: 23.898 GC heap after
{Heap after GC invocations=45 (full 0):
 garbage-first heap   total 630784K, used 379122K [0x0000000601400000, 0x0000000800000000)
  region size 4096K, 7 young (28672K), 7 survivors (28672K)
 Metaspace       used 70986K, committed 71680K, reserved 1114112K
  class space    used 7726K, committed 8064K, reserved 1048576K
}
Event: 24.515 GC heap before
{Heap before GC invocations=45 (full 0):
 garbage-first heap   total 630784K, used 563442K [0x0000000601400000, 0x0000000800000000)
  region size 4096K, 52 young (212992K), 7 survivors (28672K)
 Metaspace       used 71009K, committed 71744K, reserved 1114112K
  class space    used 7726K, committed 8064K, reserved 1048576K
}

