# JRE version: OpenJDK Runtime Environment (21.0.8) (build 21.0.8+-14196175-b1038.72)
# Java VM: OpenJDK 64-Bit Server VM (21.0.8+-14196175-b1038.72, mixed mode, tiered, compressed oops, compressed class ptrs, g1 gc, windows-amd64)
GC Precious Log:
 CardTable entry size: 512
 Card Set container configuration: InlinePtr #cards 4 size 8 Array Of Cards #cards 32 size 80 Howl #buckets 8 coarsen threshold 7372 Howl Bitmap #cards 1024 size 144 coarsen threshold 921 Card regions per heap region 1 cards per card region 8192
 CPUs: 16 total, 16 available
 Memory: 32680M
 Large Page Support: Disabled
 NUMA Support: Disabled
 Compressed Oops: Enabled (Zero based)
 Heap Region Size: 4M
 Heap Min Capacity: 8M
 Heap Initial Capacity: 512M
 Heap Max Capacity: 8172M
 Pre-touch: Disabled
 Parallel Workers: 13
 Concurrent Workers: 3
 Concurrent Refinement Workers: 13
 Periodic GC: Disabled
Heap:
 garbage-first heap   total 876544K, used 700791K [0x0000000601400000, 0x0000000800000000)
  region size 4096K, 56 young (229376K), 2 survivors (8192K)
 Metaspace       used 94748K, committed 95488K, reserved 1179648K
  class space    used 9684K, committed 10048K, reserved 1048576K
GC Heap History (20 events):
Event: 22.207 GC heap before
{Heap before GC invocations=43 (full 0):
 garbage-first heap   total 606208K, used 544225K [0x0000000601400000, 0x0000000800000000)
  region size 4096K, 54 young (221184K), 7 survivors (28672K)
 Metaspace       used 70978K, committed 71680K, reserved 1114112K
  class space    used 7729K, committed 8064K, reserved 1048576K
}
Event: 22.219 GC heap after
{Heap after GC invocations=44 (full 0):
 garbage-first heap   total 606208K, used 364965K [0x0000000601400000, 0x0000000800000000)
  region size 4096K, 4 young (16384K), 4 survivors (16384K)
 Metaspace       used 70978K, committed 71680K, reserved 1114112K
  class space    used 7729K, committed 8064K, reserved 1048576K
}
Event: 22.856 GC heap before
{Heap before GC invocations=44 (full 0):
 garbage-first heap   total 606208K, used 553381K [0x0000000601400000, 0x0000000800000000)
  region size 4096K, 50 young (204800K), 4 survivors (16384K)
 Metaspace       used 71003K, committed 71680K, reserved 1114112K
  class space    used 7731K, committed 8064K, reserved 1048576K
}
Event: 22.867 GC heap after
{Heap after GC invocations=45 (full 0):
 garbage-first heap   total 729088K, used 379291K [0x0000000601400000, 0x0000000800000000)
  region size 4096K, 7 young (28672K), 7 survivors (28672K)
 Metaspace       used 71003K, committed 71680K, reserved 1114112K
  class space    used 7731K, committed 8064K, reserved 1048576K
}
Event: 23.837 GC heap before
{Heap before GC invocations=45 (full 0):
 garbage-first heap   total 729088K, used 657819K [0x0000000601400000, 0x0000000800000000)
  region size 4096K, 75 young (307200K), 7 survivors (28672K)
 Metaspace       used 71039K, committed 71744K, reserved 1114112K
  class space    used 7733K, committed 8064K, reserved 1048576K
}
Event: 23.850 GC heap after
{Heap after GC invocations=46 (full 0):
 garbage-first heap   total 729088K, used 396863K [0x0000000601400000, 0x0000000800000000)
  region size 4096K, 8 young (32768K), 8 survivors (32768K)
 Metaspace       used 71039K, committed 71744K, reserved 1114112K
  class space    used 7733K, committed 8064K, reserved 1048576K
}
Event: 24.679 GC heap before
{Heap before GC invocations=46 (full 0):
 garbage-first heap   total 729088K, used 654911K [0x0000000601400000, 0x0000000800000000)
  region size 4096K, 71 young (290816K), 8 survivors (32768K)
 Metaspace       used 71122K, committed 71808K, reserved 1114112K
  class space    used 7734K, committed 8064K, reserved 1048576K
}
Event: 24.694 GC heap after
{Heap after GC invocations=47 (full 0):
 garbage-first heap   total 729088K, used 412311K [0x0000000601400000, 0x0000000800000000)
  region size 4096K, 9 young (36864K), 9 survivors (36864K)
 Metaspace       used 71122K, committed 71808K, reserved 1114112K
  class space    used 7734K, committed 8064K, reserved 1048576K
}
Event: 25.470 GC heap before
{Heap before GC invocations=47 (full 0):
 garbage-first heap   total 729088K, used 645783K [0x0000000601400000, 0x0000000800000000)
  region size 4096K, 66 young (270336K), 9 survivors (36864K)
 Metaspace       used 71155K, committed 71872K, reserved 1114112K
  class space    used 7738K, committed 8064K, reserved 1048576K
}
Event: 25.484 GC heap after
{Heap after GC invocations=48 (full 0):
 garbage-first heap   total 729088K, used 428378K [0x0000000601400000, 0x0000000800000000)
  region size 4096K, 8 young (32768K), 8 survivors (32768K)
 Metaspace       used 71155K, committed 71872K, reserved 1114112K
  class space    used 7738K, committed 8064K, reserved 1048576K
}
Event: 26.223 GC heap before
{Heap before GC invocations=49 (full 0):
 garbage-first heap   total 729088K, used 653658K [0x0000000601400000, 0x0000000800000000)
  region size 4096K, 63 young (258048K), 8 survivors (32768K)
 Metaspace       used 71673K, committed 72384K, reserved 1114112K
  class space    used 7769K, committed 8128K, reserved 1048576K
}
Event: 26.234 GC heap after
{Heap after GC invocations=50 (full 0):
 garbage-first heap   total 729088K, used 434630K [0x0000000601400000, 0x0000000800000000)
  region size 4096K, 6 young (24576K), 6 survivors (24576K)
 Metaspace       used 71673K, committed 72384K, reserved 1114112K
  class space    used 7769K, committed 8128K, reserved 1048576K
}
Event: 26.630 GC heap before
{Heap before GC invocations=50 (full 0):
 garbage-first heap   total 729088K, used 659910K [0x0000000601400000, 0x0000000800000000)
  region size 4096K, 61 young (249856K), 6 survivors (24576K)
 Metaspace       used 71737K, committed 72448K, reserved 1114112K
  class space    used 7770K, committed 8128K, reserved 1048576K
}
Event: 26.641 GC heap after
{Heap after GC invocations=51 (full 0):
 garbage-first heap   total 729088K, used 435305K [0x0000000601400000, 0x0000000800000000)
  region size 4096K, 4 young (16384K), 4 survivors (16384K)
 Metaspace       used 71737K, committed 72448K, reserved 1114112K
  class space    used 7770K, committed 8128K, reserved 1048576K
}
Event: 27.838 GC heap before
{Heap before GC invocations=51 (full 0):
 garbage-first heap   total 729088K, used 668777K [0x0000000601400000, 0x0000000800000000)
  region size 4096K, 61 young (249856K), 4 survivors (16384K)
 Metaspace       used 78646K, committed 79360K, reserved 1179648K
  class space    used 8433K, committed 8768K, reserved 1048576K
}
Event: 27.845 GC heap after
{Heap after GC invocations=52 (full 0):
 garbage-first heap   total 876544K, used 440111K [0x0000000601400000, 0x0000000800000000)
  region size 4096K, 5 young (20480K), 5 survivors (20480K)
 Metaspace       used 78646K, committed 79360K, reserved 1179648K
  class space    used 8433K, committed 8768K, reserved 1048576K
}
Event: 30.310 GC heap before
{Heap before GC invocations=53 (full 0):
 garbage-first heap   total 876544K, used 804655K [0x0000000601400000, 0x0000000800000000)
  region size 4096K, 94 young (385024K), 5 survivors (20480K)
 Metaspace       used 84583K, committed 85376K, reserved 1179648K
  class space    used 8869K, committed 9216K, reserved 1048576K
}
Event: 30.336 GC heap after
{Heap after GC invocations=54 (full 0):
 garbage-first heap   total 876544K, used 485169K [0x0000000601400000, 0x0000000800000000)
  region size 4096K, 12 young (49152K), 12 survivors (49152K)
 Metaspace       used 84583K, committed 85376K, reserved 1179648K
  class space    used 8869K, committed 9216K, reserved 1048576K
}
Event: 30.938 GC heap before
{Heap before GC invocations=54 (full 0):
 garbage-first heap   total 876544K, used 587569K [0x0000000601400000, 0x0000000800000000)
  region size 4096K, 38 young (155648K), 12 survivors (49152K)
 Metaspace       used 89319K, committed 90112K, reserved 1179648K
  class space    used 9300K, committed 9664K, reserved 1048576K
}
Event: 30.952 GC heap after
{Heap after GC invocations=55 (full 0):
 garbage-first heap   total 876544K, used 495991K [0x0000000601400000, 0x0000000800000000)
  region size 4096K, 2 young (8192K), 2 survivors (8192K)
 Metaspace       used 89319K, committed 90112K, reserved 1179648K
  class space    used 9300K, committed 9664K, reserved 1048576K
}

